[08Feb2025 00:01:20.071] [Server thread/INFO] [net.minecraft.server.MinecraftServer/]: [STRANJO: Set the weather to clear]
[08Feb2025 00:03:39.748] [Server thread/INFO] [net.minecraft.server.MinecraftServer/]: [Liraanto: Teleported Liraanto to 877.500000, 113.500000, -366.500000]
[08Feb2025 00:03:48.107] [Server thread/INFO] [net.minecraft.server.MinecraftServer/]: [Liraanto: Teleported Liraanto to 883.500000, 124.500000, -362.500000]
[08Feb2025 00:06:08.449] [Server thread/WARN] [net.minecraft.server.level.ServerPlayerGameMode/]: Mismatch in destroy block pos: BlockPos{x=917, y=130, z=-484} BlockPos{x=917, y=130, z=-483}
[08Feb2025 00:06:08.507] [Server thread/WARN] [net.minecraft.server.level.ServerPlayerGameMode/]: Mismatch in destroy block pos: BlockPos{x=917, y=130, z=-484} BlockPos{x=917, y=130, z=-483}
[08Feb2025 00:06:08.548] [Server thread/WARN] [net.minecraft.server.level.ServerPlayerGameMode/]: Mismatch in destroy block pos: BlockPos{x=917, y=130, z=-484} BlockPos{x=917, y=130, z=-483}
[08Feb2025 00:09:11.157] [Server thread/INFO] [net.minecraft.server.MinecraftServer/]: [STRANJO: Set the time to 1000]
[08Feb2025 00:13:19.948] [Server thread/WARN] [net.minecraft.server.level.ServerPlayerGameMode/]: Mismatch in destroy block pos: BlockPos{x=982, y=126, z=-452} BlockPos{x=982, y=126, z=-454}
[08Feb2025 00:13:24.624] [Server thread/WARN] [net.minecraft.server.level.ServerPlayerGameMode/]: Mismatch in destroy block pos: BlockPos{x=983, y=125, z=-459} BlockPos{x=982, y=123, z=-459}
[08Feb2025 00:13:24.674] [Server thread/WARN] [net.minecraft.server.level.ServerPlayerGameMode/]: Mismatch in destroy block pos: BlockPos{x=983, y=125, z=-459} BlockPos{x=982, y=123, z=-459}
[08Feb2025 00:19:57.339] [Server thread/INFO] [net.minecraft.server.MinecraftServer/]: [STRANJO: Set the time to 1000]
[08Feb2025 00:29:55.343] [Server thread/INFO] [net.minecraft.server.MinecraftServer/]: [STRANJO: Set the time to 1000]
[08Feb2025 00:38:21.644] [Server thread/WARN] [net.minecraft.server.level.ServerPlayerGameMode/]: Mismatch in destroy block pos: BlockPos{x=906, y=138, z=-490} BlockPos{x=905, y=138, z=-492}
[08Feb2025 00:40:34.912] [Server thread/INFO] [net.minecraft.server.MinecraftServer/]: [STRANJO: Set the time to 1000]
[08Feb2025 00:45:05.496] [Server thread/WARN] [net.minecraft.server.level.ServerPlayerGameMode/]: Mismatch in destroy block pos: BlockPos{x=906, y=128, z=-438} BlockPos{x=907, y=128, z=-438}
[08Feb2025 00:45:05.543] [Server thread/WARN] [net.minecraft.server.level.ServerPlayerGameMode/]: Mismatch in destroy block pos: BlockPos{x=906, y=128, z=-438} BlockPos{x=907, y=128, z=-438}
[08Feb2025 00:45:05.596] [Server thread/WARN] [net.minecraft.server.level.ServerPlayerGameMode/]: Mismatch in destroy block pos: BlockPos{x=906, y=128, z=-438} BlockPos{x=907, y=128, z=-438}
[08Feb2025 00:45:05.647] [Server thread/WARN] [net.minecraft.server.level.ServerPlayerGameMode/]: Mismatch in destroy block pos: BlockPos{x=906, y=128, z=-438} BlockPos{x=907, y=128, z=-438}
[08Feb2025 00:45:05.700] [Server thread/WARN] [net.minecraft.server.level.ServerPlayerGameMode/]: Mismatch in destroy block pos: BlockPos{x=906, y=128, z=-438} BlockPos{x=907, y=128, z=-438}
[08Feb2025 00:45:05.746] [Server thread/WARN] [net.minecraft.server.level.ServerPlayerGameMode/]: Mismatch in destroy block pos: BlockPos{x=906, y=128, z=-438} BlockPos{x=907, y=128, z=-438}
[08Feb2025 00:45:05.798] [Server thread/WARN] [net.minecraft.server.level.ServerPlayerGameMode/]: Mismatch in destroy block pos: BlockPos{x=906, y=128, z=-438} BlockPos{x=907, y=128, z=-438}
[08Feb2025 00:45:05.846] [Server thread/WARN] [net.minecraft.server.level.ServerPlayerGameMode/]: Mismatch in destroy block pos: BlockPos{x=906, y=128, z=-438} BlockPos{x=907, y=128, z=-438}
[08Feb2025 00:45:05.898] [Server thread/WARN] [net.minecraft.server.level.ServerPlayerGameMode/]: Mismatch in destroy block pos: BlockPos{x=906, y=128, z=-438} BlockPos{x=907, y=128, z=-438}
[08Feb2025 00:45:05.945] [Server thread/WARN] [net.minecraft.server.level.ServerPlayerGameMode/]: Mismatch in destroy block pos: BlockPos{x=906, y=128, z=-438} BlockPos{x=907, y=128, z=-438}
[08Feb2025 00:45:05.997] [Server thread/WARN] [net.minecraft.server.level.ServerPlayerGameMode/]: Mismatch in destroy block pos: BlockPos{x=906, y=128, z=-438} BlockPos{x=907, y=128, z=-438}
[08Feb2025 00:45:06.044] [Server thread/WARN] [net.minecraft.server.level.ServerPlayerGameMode/]: Mismatch in destroy block pos: BlockPos{x=906, y=128, z=-438} BlockPos{x=907, y=128, z=-438}
[08Feb2025 00:45:06.096] [Server thread/WARN] [net.minecraft.server.level.ServerPlayerGameMode/]: Mismatch in destroy block pos: BlockPos{x=906, y=128, z=-438} BlockPos{x=907, y=128, z=-438}
[08Feb2025 00:49:42.594] [Server thread/WARN] [net.minecraft.server.level.ServerPlayerGameMode/]: Mismatch in destroy block pos: BlockPos{x=889, y=125, z=-426} BlockPos{x=890, y=124, z=-425}
[08Feb2025 00:51:45.448] [Server thread/INFO] [net.minecraft.server.MinecraftServer/]: [STRANJO: Set the time to 1000]
[08Feb2025 00:53:18.313] [Server thread/INFO] [net.minecraft.server.MinecraftServer/]: [Liraanto: Teleported Liraanto to 883.500000, 124.500000, -368.500000]
[08Feb2025 00:57:22.318] [Server thread/INFO] [net.minecraft.server.MinecraftServer/]: [Liraanto: Teleported Liraanto to 889.500000, 126.500000, -372.500000]
[08Feb2025 01:04:15.551] [Server thread/INFO] [net.minecraft.server.MinecraftServer/]: [STRANJO: Set the time to 1000]
[08Feb2025 01:13:51.289] [Server thread/INFO] [net.minecraft.server.MinecraftServer/]: [STRANJO: Set the time to 1000]
[08Feb2025 01:13:58.017] [Server thread/INFO] [net.minecraft.server.MinecraftServer/]: [Liraanto: Teleported Liraanto to 889.500000, 123.500000, -360.500000]
[08Feb2025 01:22:33.595] [Server thread/WARN] [net.minecraft.server.level.ServerPlayerGameMode/]: Mismatch in destroy block pos: BlockPos{x=912, y=121, z=-385} BlockPos{x=912, y=120, z=-386}
[08Feb2025 01:23:55.281] [Server thread/INFO] [net.minecraft.server.MinecraftServer/]: [STRANJO: Set the time to 1000]
[08Feb2025 01:31:56.896] [Server thread/INFO] [net.minecraft.server.MinecraftServer/]: [Liraanto: Teleported Liraanto to 934.500000, 120.500000, -370.500000]
[08Feb2025 01:33:52.493] [Server thread/INFO] [net.minecraft.server.MinecraftServer/]: [Liraanto: Teleported Liraanto to 884.500000, 120.500000, -371.500000]
[08Feb2025 01:34:18.052] [Server thread/INFO] [net.minecraft.server.MinecraftServer/]: [Liraanto: Teleported Liraanto to 884.500000, 120.500000, -376.500000]
[08Feb2025 01:34:54.124] [Server thread/INFO] [net.minecraft.server.MinecraftServer/]: [STRANJO: Set the time to 1000]
[08Feb2025 01:39:59.576] [Server thread/INFO] [net.minecraft.server.MinecraftServer/]: [Liraanto: Teleported Liraanto to 935.500000, 120.500000, -371.500000]
[08Feb2025 01:49:52.144] [Server thread/INFO] [net.minecraft.server.MinecraftServer/]: [STRANJO: Set the time to 1000]
[08Feb2025 01:50:05.949] [Server thread/INFO] [net.minecraft.server.MinecraftServer/]: [STRANJO: Set the weather to clear]
[08Feb2025 01:51:27.104] [Server thread/INFO] [net.minecraft.server.MinecraftServer/]: [Liraanto: Teleported Liraanto to 949.500000, 120.500000, -375.500000]
[08Feb2025 01:55:09.358] [Server thread/WARN] [net.minecraft.server.network.ServerGamePacketListenerImpl/]: STRANJO moved wrongly!
[08Feb2025 01:57:30.097] [Server thread/INFO] [net.minecraft.server.MinecraftServer/]: [Liraanto: Teleported Liraanto to 950.500000, 120.500000, -379.500000]
[08Feb2025 01:59:40.007] [Server thread/INFO] [net.minecraft.server.MinecraftServer/]: [Liraanto: Teleported Liraanto to 945.500000, 120.500000, -382.500000]
[08Feb2025 02:02:03.246] [Server thread/WARN] [net.minecraft.server.level.ServerPlayerGameMode/]: Mismatch in destroy block pos: BlockPos{x=912, y=119, z=-476} BlockPos{x=911, y=119, z=-476}
[08Feb2025 02:02:03.296] [Server thread/WARN] [net.minecraft.server.level.ServerPlayerGameMode/]: Mismatch in destroy block pos: BlockPos{x=912, y=119, z=-477} BlockPos{x=911, y=119, z=-476}
[08Feb2025 02:04:08.858] [Server thread/INFO] [net.minecraft.server.MinecraftServer/]: [STRANJO: Set the time to 1000]
[08Feb2025 02:10:43.599] [Server thread/INFO] [net.minecraft.server.MinecraftServer/]: [Liraanto: Teleported Liraanto to 951.500000, 120.500000, -473.500000]
[08Feb2025 02:13:16.844] [Server thread/INFO] [net.minecraft.server.MinecraftServer/]: [Liraanto: Teleported Liraanto to 941.500000, 120.500000, -458.500000]
[08Feb2025 02:15:29.556] [Server thread/INFO] [net.minecraft.server.MinecraftServer/]: [Liraanto: Teleported Liraanto to 937.500000, 120.500000, -446.500000]
[08Feb2025 02:21:35.450] [Server thread/INFO] [net.minecraft.server.MinecraftServer/]: [Liraanto: Teleported Liraanto to 694.500000, 108.500000, -364.500000]
[08Feb2025 02:24:52.119] [Server thread/WARN] [net.minecraft.server.network.ServerGamePacketListenerImpl/]: STRANJO moved wrongly!
[08Feb2025 02:27:06.866] [Server thread/INFO] [net.minecraft.world.entity.npc.Villager/]: Villager Villager['Unemployed'/117137, l='ServerLevel[world]', x=898.51, y=148.00, z=-488.53] died, message: 'Unemployed was slain by STRANJO'
[08Feb2025 02:27:06.869] [Server thread/INFO] [net.minecraft.server.MinecraftServer/]: STRANJO has made the advancement [Bad Deal]
[08Feb2025 02:36:37.054] [Server thread/WARN] [net.minecraft.server.level.ServerLevel/]: Tried to add entity boh:herobrine but it was marked as removed already
[08Feb2025 02:37:04.738] [Server thread/INFO] [net.minecraft.server.MinecraftServer/]: [Liraanto: Teleported Liraanto to -1066.500000, 75.500000, 2384.500000]
[08Feb2025 02:38:42.166] [Server thread/INFO] [net.minecraft.server.MinecraftServer/]: [Liraanto: Teleported Liraanto to -1139.500000, 72.500000, 2663.500000]
[08Feb2025 02:40:32.530] [Server thread/WARN] [net.minecraft.server.level.ServerLevel/]: Tried to add entity thalassophobia:bathotrap_spawn but it was marked as removed already
[08Feb2025 02:40:44.422] [Server thread/INFO] [net.minecraft.server.MinecraftServer/]: [Liraanto: Teleported Liraanto to -1026.500000, 64.500000, 3022.500000]
[08Feb2025 02:41:25.276] [Worker-Main-89/WARN] [net.minecraft.server.level.WorldGenRegion/]: Tried to access a block entity before it was created. BlockPos{x=-786, y=17, z=2783}
[08Feb2025 02:41:39.210] [Server thread/INFO] [net.minecraft.server.MinecraftServer/]: Liraanto died
[08Feb2025 02:41:39.250] [Server thread/INFO] [tombstone/]: The player Liraanto has successfully been saved
[08Feb2025 02:41:46.629] [Server thread/INFO] [net.minecraft.server.MinecraftServer/]: [Liraanto: Teleported Liraanto to -958.500000, 64.500000, 2984.500000]
[08Feb2025 02:42:03.755] [Server thread/INFO] [net.minecraft.server.MinecraftServer/]: Liraanto died
[08Feb2025 02:42:03.774] [Server thread/INFO] [tombstone/]: The player Liraanto has successfully been saved
[08Feb2025 02:42:09.564] [Server thread/INFO] [net.minecraft.server.MinecraftServer/]: [Liraanto: Teleported Liraanto to -951.500000, 65.500000, 2974.500000]
[08Feb2025 02:44:42.260] [Server thread/INFO] [net.minecraft.server.MinecraftServer/]: [STRANJO: Teleported STRANJO to Liraanto]
[08Feb2025 02:45:40.454] [Server thread/ERROR] [net.minecraft.Util/]: POI data mismatch: already registered at BlockPos{x=-1255, y=25, z=3290}
[08Feb2025 02:46:22.993] [Server thread/INFO] [net.minecraft.server.MinecraftServer/]: Liraanto was slain by Piglin Brute
[08Feb2025 02:46:23.020] [Server thread/INFO] [tombstone/]: The player Liraanto has successfully been saved
[08Feb2025 02:46:29.821] [Server thread/INFO] [net.minecraft.server.MinecraftServer/]: [Liraanto: Teleported Liraanto to -993.500000, 64.500000, 2980.500000]
[08Feb2025 02:48:24.330] [Server thread/INFO] [net.minecraft.server.MinecraftServer/]: [Liraanto: Teleported Liraanto to -1139.500000, 72.500000, 2663.500000]
[08Feb2025 02:48:35.575] [pool-5-thread-1/INFO] [Supplementaries/]: Searching for closest structure among [ResourceKey[minecraft:worldgen/structure / repurposed_structures:village_mushroom], ResourceKey[minecraft:worldgen/structure / minecraft:village_desert], ResourceKey[minecraft:worldgen/structure / repurposed_structures:village_cherry], ResourceKey[minecraft:worldgen/structure / repurposed_structures:village_giant_taiga], ResourceKey[minecraft:worldgen/structure / repurposed_structures:village_jungle], ResourceKey[minecraft:worldgen/structure / repurposed_structures:village_badlands], ResourceKey[minecraft:worldgen/structure / repurposed_structures:village_mountains], ResourceKey[minecraft:worldgen/structure / minecraft:village_savanna]] from pos BlockPos{x=-1499, y=71, z=2853}
[08Feb2025 02:48:37.387] [Server thread/INFO] [net.minecraft.server.MinecraftServer/]: [STRANJO: Teleported STRANJO to Liraanto]
[08Feb2025 02:49:33.754] [Server thread/INFO] [net.minecraft.server.MinecraftServer/]: [Liraanto: Teleported Liraanto to -1066.500000, 75.500000, 2384.500000]
[08Feb2025 02:49:44.033] [Server thread/INFO] [net.minecraft.server.MinecraftServer/]: [STRANJO: Teleported STRANJO to Liraanto]
[08Feb2025 02:51:06.669] [Server thread/INFO] [net.minecraft.server.MinecraftServer/]: [Liraanto: Teleported Liraanto to -1025.500000, 64.500000, 3033.500000]
[08Feb2025 02:51:37.561] [Server thread/INFO] [net.minecraft.server.MinecraftServer/]: [STRANJO: Teleported STRANJO to Liraanto]
[08Feb2025 02:52:55.002] [Server thread/INFO] [net.minecraft.server.MinecraftServer/]: [STRANJO: Gave 1 [Eternal Steak] to STRANJO]
[08Feb2025 02:53:24.481] [Server thread/WARN] [net.minecraft.server.MinecraftServer/]: Can't keep up! Is the server overloaded? Running 2005ms or 40 ticks behind
